<?xml version="1.0" encoding="UTF-8"?>
<coverage generated="1746661172758" clover="3.2.0">
  <project timestamp="1746661172758" name="All files">
    <metrics statements="44" coveredstatements="43" conditionals="52" coveredconditionals="42" methods="14" coveredmethods="14" elements="110" coveredelements="99" complexity="0" loc="44" ncloc="44" packages="1" files="5" classes="5"/>
    <file name="arbol.js" path="C:\wamp64\www\SkyGreen\arbol.js">
      <metrics statements="7" coveredstatements="7" conditionals="2" coveredconditionals="2" methods="4" coveredmethods="4"/>
      <line num="2" count="2" type="cond" truecount="2" falsecount="0"/>
      <line num="6" count="2" type="stmt"/>
      <line num="7" count="2" type="stmt"/>
      <line num="11" count="1" type="stmt"/>
      <line num="15" count="2" type="stmt"/>
      <line num="16" count="2" type="stmt"/>
      <line num="18" count="1" type="stmt"/>
    </file>
    <file name="especie.js" path="C:\wamp64\www\SkyGreen\especie.js">
      <metrics statements="8" coveredstatements="8" conditionals="22" coveredconditionals="17" methods="1" coveredmethods="1"/>
      <line num="2" count="2" type="cond" truecount="3" falsecount="1"/>
      <line num="3" count="2" type="cond" truecount="4" falsecount="0"/>
      <line num="4" count="1" type="cond" truecount="1" falsecount="1"/>
      <line num="5" count="1" type="cond" truecount="3" falsecount="1"/>
      <line num="6" count="1" type="cond" truecount="3" falsecount="1"/>
      <line num="7" count="1" type="cond" truecount="3" falsecount="1"/>
      <line num="8" count="1" type="stmt"/>
      <line num="11" count="1" type="stmt"/>
    </file>
    <file name="funciones.js" path="C:\wamp64\www\SkyGreen\funciones.js">
      <metrics statements="10" coveredstatements="10" conditionals="0" coveredconditionals="0" methods="3" coveredmethods="3"/>
      <line num="2" count="16" type="stmt"/>
      <line num="3" count="16" type="stmt"/>
      <line num="4" count="16" type="stmt"/>
      <line num="6" count="16" type="stmt"/>
      <line num="10" count="16" type="stmt"/>
      <line num="11" count="16" type="stmt"/>
      <line num="15" count="4" type="stmt"/>
      <line num="16" count="16" type="stmt"/>
      <line num="17" count="16" type="stmt"/>
      <line num="21" count="1" type="stmt"/>
    </file>
    <file name="testSuite.js" path="C:\wamp64\www\SkyGreen\testSuite.js">
      <metrics statements="8" coveredstatements="8" conditionals="8" coveredconditionals="8" methods="3" coveredmethods="3"/>
      <line num="2" count="4" type="cond" truecount="2" falsecount="0"/>
      <line num="3" count="3" type="cond" truecount="2" falsecount="0"/>
      <line num="4" count="2" type="cond" truecount="2" falsecount="0"/>
      <line num="5" count="1" type="stmt"/>
      <line num="9" count="3" type="stmt"/>
      <line num="13" count="3" type="cond" truecount="2" falsecount="0"/>
      <line num="14" count="2" type="stmt"/>
      <line num="17" count="1" type="stmt"/>
    </file>
    <file name="utils.js" path="C:\wamp64\www\SkyGreen\utils.js">
      <metrics statements="11" coveredstatements="10" conditionals="20" coveredconditionals="15" methods="3" coveredmethods="3"/>
      <line num="4" count="1" type="stmt"/>
      <line num="5" count="1" type="cond" truecount="1" falsecount="1"/>
      <line num="6" count="0" type="stmt"/>
      <line num="10" count="1" type="stmt"/>
      <line num="14" count="2" type="cond" truecount="3" falsecount="1"/>
      <line num="15" count="2" type="cond" truecount="4" falsecount="0"/>
      <line num="16" count="1" type="cond" truecount="1" falsecount="1"/>
      <line num="17" count="1" type="cond" truecount="3" falsecount="1"/>
      <line num="18" count="1" type="cond" truecount="3" falsecount="1"/>
      <line num="19" count="1" type="stmt"/>
      <line num="22" count="1" type="stmt"/>
    </file>
  </project>
</coverage>
