{"C:\\wamp64\\www\\SkyGreen\\arbol.js": {"path":"C:\\wamp64\\www\\SkyGreen\\arbol.js","statementMap":{"0":{"start":{"line":2,"column":4},"end":{"line":2,"column":68}},"1":{"start":{"line":6,"column":23},"end":{"line":6,"column":60}},"2":{"start":{"line":7,"column":4},"end":{"line":7,"column":39}},"3":{"start":{"line":11,"column":4},"end":{"line":11,"column":51}},"4":{"start":{"line":15,"column":20},"end":{"line":15,"column":29}},"5":{"start":{"line":16,"column":4},"end":{"line":16,"column":39}},"6":{"start":{"line":18,"column":2},"end":{"line":18,"column":88}}},"fnMap":{"0":{"name":"esEspecieValida","decl":{"start":{"line":1,"column":9},"end":{"line":1,"column":24}},"loc":{"start":{"line":1,"column":34},"end":{"line":3,"column":3}},"line":1},"1":{"name":"estadoPermitido","decl":{"start":{"line":5,"column":11},"end":{"line":5,"column":26}},"loc":{"start":{"line":5,"column":35},"end":{"line":8,"column":3}},"line":5},"2":{"name":"crearEtiquetaArbol","decl":{"start":{"line":10,"column":11},"end":{"line":10,"column":29}},"loc":{"start":{"line":10,"column":45},"end":{"line":12,"column":3}},"line":10},"3":{"name":"EstadoArbol","decl":{"start":{"line":13,"column":11},"end":{"line":13,"column":22}},"loc":{"start":{"line":13,"column":32},"end":{"line":16,"column":40}},"line":13}},"branchMap":{"0":{"loc":{"start":{"line":2,"column":11},"end":{"line":2,"column":67}},"type":"binary-expr","locations":[{"start":{"line":2,"column":11},"end":{"line":2,"column":38}},{"start":{"line":2,"column":42},"end":{"line":2,"column":67}}],"line":2}},"s":{"0":2,"1":2,"2":2,"3":1,"4":2,"5":2,"6":1},"f":{"0":2,"1":2,"2":1,"3":2},"b":{"0":[2,2]},"_coverageSchema":"1a1c01bbd47fc00a2c39e90264f33305004495a9","hash":"09fdc898567fb5a61dd38c9b5f0bc77408fe3416"}
,"C:\\wamp64\\www\\SkyGreen\\especie.js": {"path":"C:\\wamp64\\www\\SkyGreen\\especie.js","statementMap":{"0":{"start":{"line":2,"column":4},"end":{"line":2,"column":56}},"1":{"start":{"line":2,"column":43},"end":{"line":2,"column":56}},"2":{"start":{"line":3,"column":4},"end":{"line":3,"column":59}},"3":{"start":{"line":3,"column":46},"end":{"line":3,"column":59}},"4":{"start":{"line":4,"column":4},"end":{"line":4,"column":78}},"5":{"start":{"line":4,"column":65},"end":{"line":4,"column":78}},"6":{"start":{"line":5,"column":4},"end":{"line":5,"column":51}},"7":{"start":{"line":5,"column":38},"end":{"line":5,"column":51}},"8":{"start":{"line":6,"column":4},"end":{"line":6,"column":67}},"9":{"start":{"line":6,"column":54},"end":{"line":6,"column":67}},"10":{"start":{"line":7,"column":4},"end":{"line":7,"column":64}},"11":{"start":{"line":7,"column":51},"end":{"line":7,"column":64}},"12":{"start":{"line":8,"column":4},"end":{"line":8,"column":16}},"13":{"start":{"line":11,"column":2},"end":{"line":11,"column":41}}},"fnMap":{"0":{"name":"validarDatosArbol","decl":{"start":{"line":1,"column":9},"end":{"line":1,"column":26}},"loc":{"start":{"line":1,"column":86},"end":{"line":9,"column":3}},"line":1}},"branchMap":{"0":{"loc":{"start":{"line":2,"column":4},"end":{"line":2,"column":56}},"type":"if","locations":[{"start":{"line":2,"column":4},"end":{"line":2,"column":56}},{"start":{},"end":{}}],"line":2},"1":{"loc":{"start":{"line":2,"column":8},"end":{"line":2,"column":41}},"type":"binary-expr","locations":[{"start":{"line":2,"column":8},"end":{"line":2,"column":16}},{"start":{"line":2,"column":20},"end":{"line":2,"column":41}}],"line":2},"2":{"loc":{"start":{"line":3,"column":4},"end":{"line":3,"column":59}},"type":"if","locations":[{"start":{"line":3,"column":4},"end":{"line":3,"column":59}},{"start":{},"end":{}}],"line":3},"3":{"loc":{"start":{"line":3,"column":8},"end":{"line":3,"column":44}},"type":"binary-expr","locations":[{"start":{"line":3,"column":8},"end":{"line":3,"column":31}},{"start":{"line":3,"column":35},"end":{"line":3,"column":44}}],"line":3},"4":{"loc":{"start":{"line":4,"column":4},"end":{"line":4,"column":78}},"type":"if","locations":[{"start":{"line":4,"column":4},"end":{"line":4,"column":78}},{"start":{},"end":{}}],"line":4},"5":{"loc":{"start":{"line":5,"column":4},"end":{"line":5,"column":51}},"type":"if","locations":[{"start":{"line":5,"column":4},"end":{"line":5,"column":51}},{"start":{},"end":{}}],"line":5},"6":{"loc":{"start":{"line":5,"column":8},"end":{"line":5,"column":36}},"type":"binary-expr","locations":[{"start":{"line":5,"column":8},"end":{"line":5,"column":21}},{"start":{"line":5,"column":25},"end":{"line":5,"column":36}}],"line":5},"7":{"loc":{"start":{"line":6,"column":4},"end":{"line":6,"column":67}},"type":"if","locations":[{"start":{"line":6,"column":4},"end":{"line":6,"column":67}},{"start":{},"end":{}}],"line":6},"8":{"loc":{"start":{"line":6,"column":8},"end":{"line":6,"column":52}},"type":"binary-expr","locations":[{"start":{"line":6,"column":8},"end":{"line":6,"column":29}},{"start":{"line":6,"column":33},"end":{"line":6,"column":52}}],"line":6},"9":{"loc":{"start":{"line":7,"column":4},"end":{"line":7,"column":64}},"type":"if","locations":[{"start":{"line":7,"column":4},"end":{"line":7,"column":64}},{"start":{},"end":{}}],"line":7},"10":{"loc":{"start":{"line":7,"column":7},"end":{"line":7,"column":49}},"type":"binary-expr","locations":[{"start":{"line":7,"column":7},"end":{"line":7,"column":34}},{"start":{"line":7,"column":37},"end":{"line":7,"column":49}}],"line":7}},"s":{"0":2,"1":0,"2":2,"3":1,"4":1,"5":0,"6":1,"7":0,"8":1,"9":0,"10":1,"11":0,"12":1,"13":1},"f":{"0":2},"b":{"0":[0,2],"1":[2,2],"2":[1,1],"3":[2,2],"4":[0,1],"5":[0,1],"6":[1,1],"7":[0,1],"8":[1,1],"9":[0,1],"10":[1,1]},"_coverageSchema":"1a1c01bbd47fc00a2c39e90264f33305004495a9","hash":"369a342f302d836c46e5fe0088bae211d271e08d"}
,"C:\\wamp64\\www\\SkyGreen\\funciones.js": {"path":"C:\\wamp64\\www\\SkyGreen\\funciones.js","statementMap":{"0":{"start":{"line":2,"column":14},"end":{"line":2,"column":18}},"1":{"start":{"line":3,"column":17},"end":{"line":3,"column":60}},"2":{"start":{"line":4,"column":17},"end":{"line":4,"column":60}},"3":{"start":{"line":6,"column":6},"end":{"line":9,"column":41}},"4":{"start":{"line":10,"column":14},"end":{"line":10,"column":58}},"5":{"start":{"line":11,"column":4},"end":{"line":11,"column":17}},"6":{"start":{"line":15,"column":4},"end":{"line":18,"column":7}},"7":{"start":{"line":16,"column":24},"end":{"line":16,"column":78}},"8":{"start":{"line":17,"column":6},"end":{"line":17,"column":41}},"9":{"start":{"line":21,"column":2},"end":{"line":21,"column":50}}},"fnMap":{"0":{"name":"calcularDistancia","decl":{"start":{"line":1,"column":9},"end":{"line":1,"column":26}},"loc":{"start":{"line":1,"column":43},"end":{"line":12,"column":3}},"line":1},"1":{"name":"filtrarArbolesPorUbicacion","decl":{"start":{"line":14,"column":11},"end":{"line":14,"column":37}},"loc":{"start":{"line":14,"column":81},"end":{"line":19,"column":3}},"line":14},"2":{"name":"(anonymous_2)","decl":{"start":{"line":15,"column":26},"end":{"line":15,"column":27}},"loc":{"start":{"line":15,"column":35},"end":{"line":18,"column":5}},"line":15}},"branchMap":{},"s":{"0":16,"1":16,"2":16,"3":16,"4":16,"5":16,"6":4,"7":16,"8":16,"9":1},"f":{"0":16,"1":4,"2":16},"b":{},"_coverageSchema":"1a1c01bbd47fc00a2c39e90264f33305004495a9","hash":"82d0ee0d22cb97a3c032dbcbbc38969ca2746216"}
,"C:\\wamp64\\www\\SkyGreen\\testSuite.js": {"path":"C:\\wamp64\\www\\SkyGreen\\testSuite.js","statementMap":{"0":{"start":{"line":2,"column":4},"end":{"line":2,"column":49}},"1":{"start":{"line":2,"column":27},"end":{"line":2,"column":49}},"2":{"start":{"line":3,"column":4},"end":{"line":3,"column":55}},"3":{"start":{"line":3,"column":30},"end":{"line":3,"column":55}},"4":{"start":{"line":4,"column":4},"end":{"line":4,"column":55}},"5":{"start":{"line":4,"column":30},"end":{"line":4,"column":55}},"6":{"start":{"line":5,"column":4},"end":{"line":5,"column":30}},"7":{"start":{"line":9,"column":4},"end":{"line":9,"column":35}},"8":{"start":{"line":13,"column":4},"end":{"line":13,"column":30}},"9":{"start":{"line":13,"column":21},"end":{"line":13,"column":30}},"10":{"start":{"line":14,"column":4},"end":{"line":14,"column":49}},"11":{"start":{"line":17,"column":2},"end":{"line":17,"column":78}}},"fnMap":{"0":{"name":"clasificarArbol","decl":{"start":{"line":1,"column":9},"end":{"line":1,"column":24}},"loc":{"start":{"line":1,"column":31},"end":{"line":6,"column":3}},"line":1},"1":{"name":"validarQR","decl":{"start":{"line":8,"column":11},"end":{"line":8,"column":20}},"loc":{"start":{"line":8,"column":25},"end":{"line":10,"column":3}},"line":8},"2":{"name":"calcularPorcentajeAdopcion","decl":{"start":{"line":12,"column":11},"end":{"line":12,"column":37}},"loc":{"start":{"line":12,"column":56},"end":{"line":15,"column":3}},"line":12}},"branchMap":{"0":{"loc":{"start":{"line":2,"column":4},"end":{"line":2,"column":49}},"type":"if","locations":[{"start":{"line":2,"column":4},"end":{"line":2,"column":49}},{"start":{},"end":{}}],"line":2},"1":{"loc":{"start":{"line":3,"column":4},"end":{"line":3,"column":55}},"type":"if","locations":[{"start":{"line":3,"column":4},"end":{"line":3,"column":55}},{"start":{},"end":{}}],"line":3},"2":{"loc":{"start":{"line":4,"column":4},"end":{"line":4,"column":55}},"type":"if","locations":[{"start":{"line":4,"column":4},"end":{"line":4,"column":55}},{"start":{},"end":{}}],"line":4},"3":{"loc":{"start":{"line":13,"column":4},"end":{"line":13,"column":30}},"type":"if","locations":[{"start":{"line":13,"column":4},"end":{"line":13,"column":30}},{"start":{},"end":{}}],"line":13}},"s":{"0":4,"1":1,"2":3,"3":1,"4":2,"5":1,"6":1,"7":3,"8":3,"9":1,"10":2,"11":1},"f":{"0":4,"1":3,"2":3},"b":{"0":[1,3],"1":[1,2],"2":[1,1],"3":[1,2]},"_coverageSchema":"1a1c01bbd47fc00a2c39e90264f33305004495a9","hash":"52998b73bf0a3dd87120fc81f7b1bbd1ad7a891c"}
,"C:\\wamp64\\www\\SkyGreen\\utils.js": {"path":"C:\\wamp64\\www\\SkyGreen\\utils.js","statementMap":{"0":{"start":{"line":4,"column":18},"end":{"line":4,"column":67}},"1":{"start":{"line":5,"column":4},"end":{"line":5,"column":28}},"2":{"start":{"line":5,"column":16},"end":{"line":5,"column":28}},"3":{"start":{"line":6,"column":4},"end":{"line":6,"column":68}},"4":{"start":{"line":10,"column":4},"end":{"line":10,"column":34}},"5":{"start":{"line":14,"column":4},"end":{"line":14,"column":56}},"6":{"start":{"line":14,"column":43},"end":{"line":14,"column":56}},"7":{"start":{"line":15,"column":4},"end":{"line":15,"column":59}},"8":{"start":{"line":15,"column":46},"end":{"line":15,"column":59}},"9":{"start":{"line":16,"column":4},"end":{"line":16,"column":78}},"10":{"start":{"line":16,"column":65},"end":{"line":16,"column":78}},"11":{"start":{"line":17,"column":4},"end":{"line":17,"column":51}},"12":{"start":{"line":17,"column":38},"end":{"line":17,"column":51}},"13":{"start":{"line":18,"column":4},"end":{"line":18,"column":67}},"14":{"start":{"line":18,"column":54},"end":{"line":18,"column":67}},"15":{"start":{"line":19,"column":4},"end":{"line":19,"column":16}},"16":{"start":{"line":22,"column":2},"end":{"line":26,"column":4}}},"fnMap":{"0":{"name":"extraerLatLngDePoint","decl":{"start":{"line":3,"column":9},"end":{"line":3,"column":29}},"loc":{"start":{"line":3,"column":35},"end":{"line":7,"column":3}},"line":3},"1":{"name":"formatearCoordenadasParaSQL","decl":{"start":{"line":9,"column":11},"end":{"line":9,"column":38}},"loc":{"start":{"line":9,"column":49},"end":{"line":11,"column":3}},"line":9},"2":{"name":"validarDatosArbol","decl":{"start":{"line":13,"column":11},"end":{"line":13,"column":28}},"loc":{"start":{"line":13,"column":80},"end":{"line":20,"column":3}},"line":13}},"branchMap":{"0":{"loc":{"start":{"line":5,"column":4},"end":{"line":5,"column":28}},"type":"if","locations":[{"start":{"line":5,"column":4},"end":{"line":5,"column":28}},{"start":{},"end":{}}],"line":5},"1":{"loc":{"start":{"line":14,"column":4},"end":{"line":14,"column":56}},"type":"if","locations":[{"start":{"line":14,"column":4},"end":{"line":14,"column":56}},{"start":{},"end":{}}],"line":14},"2":{"loc":{"start":{"line":14,"column":8},"end":{"line":14,"column":41}},"type":"binary-expr","locations":[{"start":{"line":14,"column":8},"end":{"line":14,"column":16}},{"start":{"line":14,"column":20},"end":{"line":14,"column":41}}],"line":14},"3":{"loc":{"start":{"line":15,"column":4},"end":{"line":15,"column":59}},"type":"if","locations":[{"start":{"line":15,"column":4},"end":{"line":15,"column":59}},{"start":{},"end":{}}],"line":15},"4":{"loc":{"start":{"line":15,"column":8},"end":{"line":15,"column":44}},"type":"binary-expr","locations":[{"start":{"line":15,"column":8},"end":{"line":15,"column":31}},{"start":{"line":15,"column":35},"end":{"line":15,"column":44}}],"line":15},"5":{"loc":{"start":{"line":16,"column":4},"end":{"line":16,"column":78}},"type":"if","locations":[{"start":{"line":16,"column":4},"end":{"line":16,"column":78}},{"start":{},"end":{}}],"line":16},"6":{"loc":{"start":{"line":17,"column":4},"end":{"line":17,"column":51}},"type":"if","locations":[{"start":{"line":17,"column":4},"end":{"line":17,"column":51}},{"start":{},"end":{}}],"line":17},"7":{"loc":{"start":{"line":17,"column":8},"end":{"line":17,"column":36}},"type":"binary-expr","locations":[{"start":{"line":17,"column":8},"end":{"line":17,"column":21}},{"start":{"line":17,"column":25},"end":{"line":17,"column":36}}],"line":17},"8":{"loc":{"start":{"line":18,"column":4},"end":{"line":18,"column":67}},"type":"if","locations":[{"start":{"line":18,"column":4},"end":{"line":18,"column":67}},{"start":{},"end":{}}],"line":18},"9":{"loc":{"start":{"line":18,"column":8},"end":{"line":18,"column":52}},"type":"binary-expr","locations":[{"start":{"line":18,"column":8},"end":{"line":18,"column":29}},{"start":{"line":18,"column":33},"end":{"line":18,"column":52}}],"line":18}},"s":{"0":1,"1":1,"2":1,"3":0,"4":1,"5":2,"6":0,"7":2,"8":1,"9":1,"10":0,"11":1,"12":0,"13":1,"14":0,"15":1,"16":1},"f":{"0":1,"1":1,"2":2},"b":{"0":[1,0],"1":[0,2],"2":[2,2],"3":[1,1],"4":[2,2],"5":[0,1],"6":[0,1],"7":[1,1],"8":[0,1],"9":[1,1]},"_coverageSchema":"1a1c01bbd47fc00a2c39e90264f33305004495a9","hash":"51aa02568cb9ff771025f87a33511b5fea63a2fe"}
}
