TN:
SF:arbol.js
FN:1,esEspecieValida
FN:5,estadoPermitido
FN:10,crearEtiquetaArbol
FN:13,EstadoArbol
FNF:4
FNH:4
FNDA:2,esEspecieValida
FNDA:2,estadoPermitido
FNDA:1,crearEtiquetaArbol
FNDA:2,EstadoArbol
DA:2,2
DA:6,2
DA:7,2
DA:11,1
DA:15,2
DA:16,2
DA:18,1
LF:7
LH:7
BRDA:2,0,0,2
BRDA:2,0,1,2
BRF:2
BRH:2
end_of_record
TN:
SF:especie.js
FN:1,validarDatosArbol
FNF:1
FNH:1
FNDA:2,validarDatosArbol
DA:2,2
DA:3,2
DA:4,1
DA:5,1
DA:6,1
DA:7,1
DA:8,1
DA:11,1
LF:8
LH:8
BRDA:2,0,0,0
BRDA:2,0,1,2
BRDA:2,1,0,2
BRDA:2,1,1,2
BRDA:3,2,0,1
BRDA:3,2,1,1
BRDA:3,3,0,2
BRDA:3,3,1,2
BRDA:4,4,0,0
BRDA:4,4,1,1
BRDA:5,5,0,0
BRDA:5,5,1,1
BRDA:5,6,0,1
BRDA:5,6,1,1
BRDA:6,7,0,0
BRDA:6,7,1,1
BRDA:6,8,0,1
BRDA:6,8,1,1
BRDA:7,9,0,0
BRDA:7,9,1,1
BRDA:7,10,0,1
BRDA:7,10,1,1
BRF:22
BRH:17
end_of_record
TN:
SF:funciones.js
FN:1,calcularDistancia
FN:14,filtrarArbolesPorUbicacion
FN:15,(anonymous_2)
FNF:3
FNH:3
FNDA:16,calcularDistancia
FNDA:4,filtrarArbolesPorUbicacion
FNDA:16,(anonymous_2)
DA:2,16
DA:3,16
DA:4,16
DA:6,16
DA:10,16
DA:11,16
DA:15,4
DA:16,16
DA:17,16
DA:21,1
LF:10
LH:10
BRF:0
BRH:0
end_of_record
TN:
SF:testSuite.js
FN:1,clasificarArbol
FN:8,validarQR
FN:12,calcularPorcentajeAdopcion
FNF:3
FNH:3
FNDA:4,clasificarArbol
FNDA:3,validarQR
FNDA:3,calcularPorcentajeAdopcion
DA:2,4
DA:3,3
DA:4,2
DA:5,1
DA:9,3
DA:13,3
DA:14,2
DA:17,1
LF:8
LH:8
BRDA:2,0,0,1
BRDA:2,0,1,3
BRDA:3,1,0,1
BRDA:3,1,1,2
BRDA:4,2,0,1
BRDA:4,2,1,1
BRDA:13,3,0,1
BRDA:13,3,1,2
BRF:8
BRH:8
end_of_record
TN:
SF:utils.js
FN:3,extraerLatLngDePoint
FN:9,formatearCoordenadasParaSQL
FN:13,validarDatosArbol
FNF:3
FNH:3
FNDA:1,extraerLatLngDePoint
FNDA:1,formatearCoordenadasParaSQL
FNDA:2,validarDatosArbol
DA:4,1
DA:5,1
DA:6,0
DA:10,1
DA:14,2
DA:15,2
DA:16,1
DA:17,1
DA:18,1
DA:19,1
DA:22,1
LF:11
LH:10
BRDA:5,0,0,1
BRDA:5,0,1,0
BRDA:14,1,0,0
BRDA:14,1,1,2
BRDA:14,2,0,2
BRDA:14,2,1,2
BRDA:15,3,0,1
BRDA:15,3,1,1
BRDA:15,4,0,2
BRDA:15,4,1,2
BRDA:16,5,0,0
BRDA:16,5,1,1
BRDA:17,6,0,0
BRDA:17,6,1,1
BRDA:17,7,0,1
BRDA:17,7,1,1
BRDA:18,8,0,0
BRDA:18,8,1,1
BRDA:18,9,0,1
BRDA:18,9,1,1
BRF:20
BRH:15
end_of_record
